nohup: ignoring input
[LightGBM] [Info] Number of positive: 46377, number of negative: 121034
[LightGBM] [Info] Auto-choosing col-wise multi-threading, the overhead of testing was 0.554966 seconds.
You can set `force_col_wise=true` to remove the overhead.
[LightGBM] [Info] Total Bins 1528
[LightGBM] [Info] Number of data points in the train set: 167411, number of used features: 8
[LightGBM] [Info] [binary:BoostFromScore]: pavg=0.277025 -> initscore=-0.959268
[LightGBM] [Info] Start training from score -0.959268
(280, 8)
(280,)
PRE ENTRENAMIENTO: Split 0: Recall Coordinator 1 => 0.6571428571428571
PRE ENTRENAMIENTO: Split 0: Recall Coordinator 2 => 0.638095238095238
PRE ENTRENAMIENTO: Split 0: Recall Coordinator 3 => 0.6761904761904762
PRE ENTRENAMIENTO: Split 0: Recall Coordinator 4 => 0.6666666666666666
PRE ENTRENAMIENTO: Split 0: Recall Coordinator 5 => 0.6190476190476191
PRE ENTRENAMIENTO: Split 0: Recall Models Coordinator 1 => [0.7333333333333333, 0.580952380952381, 0.6571428571428571, 0.6761904761904762, 0.6571428571428571]
PRE ENTRENAMIENTO: Split 0: Recall Models Coordinator 2 => [0.7047619047619048, 0.5619047619047619, 0.638095238095238, 0.6666666666666666, 0.6476190476190476]
PRE ENTRENAMIENTO: Split 0: Recall Models Coordinator 3 => [0.0, 0.0, 0.0, 0.0, 0.0]
PRE ENTRENAMIENTO: Split 0: Recall Models Coordinator 4 => [0.0, 0.0, 0.0, 0.0, 0.0]
PRE ENTRENAMIENTO: Split 0: Recall Models Coordinator 5 => [0.7047619047619048, 0.5619047619047619, 0.638095238095238, 0.6571428571428571, 0.6476190476190476]
PRE ENTRENAMIENTO: Split 1: Recall Coordinator 1 => 0.7064220183486238
PRE ENTRENAMIENTO: Split 1: Recall Coordinator 2 => 0.6880733944954128
PRE ENTRENAMIENTO: Split 1: Recall Coordinator 3 => 0.7522935779816514
PRE ENTRENAMIENTO: Split 1: Recall Coordinator 4 => 0.7293577981651376
PRE ENTRENAMIENTO: Split 1: Recall Coordinator 5 => 0.6743119266055045
PRE ENTRENAMIENTO: Split 1: Recall Models Coordinator 1 => [0.7844036697247706, 0.6467889908256881, 0.6651376146788991, 0.7431192660550459, 0.6972477064220184]
PRE ENTRENAMIENTO: Split 1: Recall Models Coordinator 2 => [0.7660550458715596, 0.6330275229357798, 0.6513761467889908, 0.7339449541284404, 0.6834862385321101]
PRE ENTRENAMIENTO: Split 1: Recall Models Coordinator 3 => [0.0, 0.0, 0.0, 0.0, 0.0]
PRE ENTRENAMIENTO: Split 1: Recall Models Coordinator 4 => [0.0, 0.0, 0.0, 0.0, 0.0]
PRE ENTRENAMIENTO: Split 1: Recall Models Coordinator 5 => [0.7660550458715596, 0.6330275229357798, 0.6513761467889908, 0.7247706422018348, 0.6834862385321101]
PRE ENTRENAMIENTO: Split 2: Recall Coordinator 1 => 0.7311178247734139
PRE ENTRENAMIENTO: Split 2: Recall Coordinator 2 => 0.7099697885196374
PRE ENTRENAMIENTO: Split 2: Recall Coordinator 3 => 0.7734138972809668
PRE ENTRENAMIENTO: Split 2: Recall Coordinator 4 => 0.7492447129909365
PRE ENTRENAMIENTO: Split 2: Recall Coordinator 5 => 0.7039274924471299
PRE ENTRENAMIENTO: Split 2: Recall Models Coordinator 1 => [0.8066465256797583, 0.6706948640483383, 0.676737160120846, 0.7643504531722054, 0.7220543806646526]
PRE ENTRENAMIENTO: Split 2: Recall Models Coordinator 2 => [0.7885196374622356, 0.6616314199395771, 0.6676737160120846, 0.7552870090634441, 0.7129909365558912]
PRE ENTRENAMIENTO: Split 2: Recall Models Coordinator 3 => [0.0, 0.0, 0.0, 0.0, 0.0]
PRE ENTRENAMIENTO: Split 2: Recall Models Coordinator 4 => [0.0, 0.0, 0.0, 0.0, 0.0]
PRE ENTRENAMIENTO: Split 2: Recall Models Coordinator 5 => [0.7885196374622356, 0.6616314199395771, 0.6676737160120846, 0.7462235649546828, 0.7129909365558912]
PRE ENTRENAMIENTO: Split 3: Recall Coordinator 1 => 0.7175572519083969
PRE ENTRENAMIENTO: Split 3: Recall Coordinator 2 => 0.6972010178117048
PRE ENTRENAMIENTO: Split 3: Recall Coordinator 3 => 0.7582697201017812
PRE ENTRENAMIENTO: Split 3: Recall Coordinator 4 => 0.7379134860050891
PRE ENTRENAMIENTO: Split 3: Recall Coordinator 5 => 0.6921119592875318
PRE ENTRENAMIENTO: Split 3: Recall Models Coordinator 1 => [0.7989821882951654, 0.648854961832061, 0.6692111959287532, 0.7633587786259542, 0.6997455470737913]
PRE ENTRENAMIENTO: Split 3: Recall Models Coordinator 2 => [0.7811704834605598, 0.6412213740458015, 0.6641221374045801, 0.7506361323155216, 0.6895674300254453]
PRE ENTRENAMIENTO: Split 3: Recall Models Coordinator 3 => [0.0, 0.0, 0.0, 0.0, 0.0]
PRE ENTRENAMIENTO: Split 3: Recall Models Coordinator 4 => [0.0, 0.0, 0.0, 0.0, 0.0]
PRE ENTRENAMIENTO: Split 3: Recall Models Coordinator 5 => [0.7811704834605598, 0.6412213740458015, 0.6641221374045801, 0.7404580152671756, 0.6895674300254453]
PRE ENTRENAMIENTO: Split 4: Recall Coordinator 1 => 0.7475
PRE ENTRENAMIENTO: Split 4: Recall Coordinator 2 => 0.7225
PRE ENTRENAMIENTO: Split 4: Recall Coordinator 3 => 0.7825
PRE ENTRENAMIENTO: Split 4: Recall Coordinator 4 => 0.7675
PRE ENTRENAMIENTO: Split 4: Recall Coordinator 5 => 0.72
PRE ENTRENAMIENTO: Split 4: Recall Models Coordinator 1 => [0.81, 0.68, 0.685, 0.785, 0.72]
PRE ENTRENAMIENTO: Split 4: Recall Models Coordinator 2 => [0.7975, 0.675, 0.6825, 0.775, 0.7125]
PRE ENTRENAMIENTO: Split 4: Recall Models Coordinator 3 => [0.0, 0.0, 0.0, 0.0, 0.0]
PRE ENTRENAMIENTO: Split 4: Recall Models Coordinator 4 => [0.0, 0.0, 0.0, 0.0, 0.0]
PRE ENTRENAMIENTO: Split 4: Recall Models Coordinator 5 => [0.7975, 0.675, 0.6825, 0.765, 0.7125]
PRE ENTRENAMIENTO: Split 5: Recall Coordinator 1 => 0.7237163814180929
PRE ENTRENAMIENTO: Split 5: Recall Coordinator 2 => 0.7017114914425427
PRE ENTRENAMIENTO: Split 5: Recall Coordinator 3 => 0.7506112469437652
PRE ENTRENAMIENTO: Split 5: Recall Coordinator 4 => 0.7408312958435208
PRE ENTRENAMIENTO: Split 5: Recall Coordinator 5 => 0.6992665036674817
PRE ENTRENAMIENTO: Split 5: Recall Models Coordinator 1 => [0.7872860635696821, 0.6601466992665037, 0.6748166259168704, 0.7628361858190709, 0.6968215158924206]
PRE ENTRENAMIENTO: Split 5: Recall Models Coordinator 2 => [0.7750611246943765, 0.6479217603911981, 0.6723716381418093, 0.7506112469437652, 0.6919315403422983]
PRE ENTRENAMIENTO: Split 5: Recall Models Coordinator 3 => [0.0, 0.0, 0.0, 0.0, 0.0]
PRE ENTRENAMIENTO: Split 5: Recall Models Coordinator 4 => [0.0, 0.0, 0.0, 0.0, 0.0]
PRE ENTRENAMIENTO: Split 5: Recall Models Coordinator 5 => [0.7750611246943765, 0.6479217603911981, 0.6723716381418093, 0.7457212713936431, 0.6919315403422983]
PRE ENTRENAMIENTO: Split 6: Recall Coordinator 1 => 0.715962441314554
PRE ENTRENAMIENTO: Split 6: Recall Coordinator 2 => 0.6901408450704225
PRE ENTRENAMIENTO: Split 6: Recall Coordinator 3 => 0.7464788732394366
PRE ENTRENAMIENTO: Split 6: Recall Coordinator 4 => 0.7347417840375586
PRE ENTRENAMIENTO: Split 6: Recall Coordinator 5 => 0.6854460093896714
PRE ENTRENAMIENTO: Split 6: Recall Models Coordinator 1 => [0.784037558685446, 0.6549295774647887, 0.6596244131455399, 0.7488262910798122, 0.687793427230047]
PRE ENTRENAMIENTO: Split 6: Recall Models Coordinator 2 => [0.7746478873239436, 0.6408450704225352, 0.6572769953051644, 0.7323943661971831, 0.676056338028169]
PRE ENTRENAMIENTO: Split 6: Recall Models Coordinator 3 => [0.0, 0.0, 0.0, 0.0, 0.0]
PRE ENTRENAMIENTO: Split 6: Recall Models Coordinator 4 => [0.0, 0.0, 0.0, 0.0, 0.0]
PRE ENTRENAMIENTO: Split 6: Recall Models Coordinator 5 => [0.7746478873239436, 0.6408450704225352, 0.6572769953051644, 0.7276995305164319, 0.676056338028169]
PRE ENTRENAMIENTO: Split 7: Recall Coordinator 1 => 0.7155963302752294
PRE ENTRENAMIENTO: Split 7: Recall Coordinator 2 => 0.6903669724770642
PRE ENTRENAMIENTO: Split 7: Recall Coordinator 3 => 0.7522935779816514
PRE ENTRENAMIENTO: Split 7: Recall Coordinator 4 => 0.7362385321100917
PRE ENTRENAMIENTO: Split 7: Recall Coordinator 5 => 0.6857798165137615
PRE ENTRENAMIENTO: Split 7: Recall Models Coordinator 1 => [0.786697247706422, 0.6513761467889908, 0.6467889908256881, 0.7454128440366973, 0.6903669724770642]
PRE ENTRENAMIENTO: Split 7: Recall Models Coordinator 2 => [0.7729357798165137, 0.6399082568807339, 0.6444954128440367, 0.7270642201834863, 0.6788990825688074]
PRE ENTRENAMIENTO: Split 7: Recall Models Coordinator 3 => [0.0, 0.0, 0.0, 0.0, 0.0]
PRE ENTRENAMIENTO: Split 7: Recall Models Coordinator 4 => [0.0, 0.0, 0.0, 0.0, 0.0]
PRE ENTRENAMIENTO: Split 7: Recall Models Coordinator 5 => [0.7729357798165137, 0.6399082568807339, 0.6444954128440367, 0.7247706422018348, 0.6788990825688074]
PRE ENTRENAMIENTO: Split 8: Recall Coordinator 1 => 0.7203791469194313
PRE ENTRENAMIENTO: Split 8: Recall Coordinator 2 => 0.6943127962085308
PRE ENTRENAMIENTO: Split 8: Recall Coordinator 3 => 0.7606635071090048
PRE ENTRENAMIENTO: Split 8: Recall Coordinator 4 => 0.7393364928909952
PRE ENTRENAMIENTO: Split 8: Recall Coordinator 5 => 0.6872037914691943
PRE ENTRENAMIENTO: Split 8: Recall Models Coordinator 1 => [0.7867298578199052, 0.6516587677725119, 0.6516587677725119, 0.7630331753554502, 0.7061611374407583]
PRE ENTRENAMIENTO: Split 8: Recall Models Coordinator 2 => [0.7748815165876777, 0.6421800947867299, 0.6421800947867299, 0.7369668246445498, 0.6895734597156398]
PRE ENTRENAMIENTO: Split 8: Recall Models Coordinator 3 => [0.0, 0.0, 0.0, 0.0, 0.0]
PRE ENTRENAMIENTO: Split 8: Recall Models Coordinator 4 => [0.0, 0.0, 0.0, 0.0, 0.0]
PRE ENTRENAMIENTO: Split 8: Recall Models Coordinator 5 => [0.7748815165876777, 0.6421800947867299, 0.6421800947867299, 0.7345971563981043, 0.6895734597156398]
PRE ENTRENAMIENTO: Split 9: Recall Coordinator 1 => 0.7121951219512195
PRE ENTRENAMIENTO: Split 9: Recall Coordinator 2 => 0.6878048780487804
PRE ENTRENAMIENTO: Split 9: Recall Coordinator 3 => 0.7609756097560976
PRE ENTRENAMIENTO: Split 9: Recall Coordinator 4 => 0.7341463414634146
PRE ENTRENAMIENTO: Split 9: Recall Coordinator 5 => 0.6780487804878049
PRE ENTRENAMIENTO: Split 9: Recall Models Coordinator 1 => [0.7878048780487805, 0.6365853658536585, 0.6341463414634146, 0.7658536585365854, 0.7024390243902439]
PRE ENTRENAMIENTO: Split 9: Recall Models Coordinator 2 => [0.7731707317073171, 0.6292682926829268, 0.624390243902439, 0.7414634146341463, 0.6878048780487804]
PRE ENTRENAMIENTO: Split 9: Recall Models Coordinator 3 => [0.0, 0.0, 0.0, 0.0, 0.0]
PRE ENTRENAMIENTO: Split 9: Recall Models Coordinator 4 => [0.0, 0.0, 0.0, 0.0, 0.0]
PRE ENTRENAMIENTO: Split 9: Recall Models Coordinator 5 => [0.7731707317073171, 0.6292682926829268, 0.624390243902439, 0.7414634146341463, 0.6878048780487804]
PRE ENTRENAMIENTO: Split 10: Recall Coordinator 1 => 0.7263922518159807
PRE ENTRENAMIENTO: Split 10: Recall Coordinator 2 => 0.7046004842615012
PRE ENTRENAMIENTO: Split 10: Recall Coordinator 3 => 0.774818401937046
PRE ENTRENAMIENTO: Split 10: Recall Coordinator 4 => 0.7457627118644068
PRE ENTRENAMIENTO: Split 10: Recall Coordinator 5 => 0.6997578692493946
PRE ENTRENAMIENTO: Split 10: Recall Models Coordinator 1 => [0.7917675544794189, 0.6513317191283293, 0.6561743341404358, 0.7893462469733656, 0.7215496368038741]
PRE ENTRENAMIENTO: Split 10: Recall Models Coordinator 2 => [0.7772397094430993, 0.6416464891041163, 0.6464891041162227, 0.7651331719128329, 0.7070217917675545]
PRE ENTRENAMIENTO: Split 10: Recall Models Coordinator 3 => [0.0, 0.0, 0.0, 0.0, 0.0]
PRE ENTRENAMIENTO: Split 10: Recall Models Coordinator 4 => [0.0, 0.0, 0.0, 0.0, 0.0]
PRE ENTRENAMIENTO: Split 10: Recall Models Coordinator 5 => [0.7772397094430993, 0.6416464891041163, 0.6464891041162227, 0.7651331719128329, 0.7070217917675545]
PRE ENTRENAMIENTO: Split 11: Recall Coordinator 1 => 0.7321867321867321
PRE ENTRENAMIENTO: Split 11: Recall Coordinator 2 => 0.7051597051597052
PRE ENTRENAMIENTO: Split 11: Recall Coordinator 3 => 0.7714987714987716
PRE ENTRENAMIENTO: Split 11: Recall Coordinator 4 => 0.742014742014742
PRE ENTRENAMIENTO: Split 11: Recall Coordinator 5 => 0.7002457002457002
PRE ENTRENAMIENTO: Split 11: Recall Models Coordinator 1 => [0.7813267813267813, 0.6584766584766585, 0.6781326781326781, 0.7886977886977887, 0.7125307125307125]
PRE ENTRENAMIENTO: Split 11: Recall Models Coordinator 2 => [0.7665847665847666, 0.6486486486486487, 0.6683046683046683, 0.7714987714987716, 0.6977886977886978]
PRE ENTRENAMIENTO: Split 11: Recall Models Coordinator 3 => [0.0, 0.0, 0.0, 0.0, 0.0]
PRE ENTRENAMIENTO: Split 11: Recall Models Coordinator 4 => [0.0, 0.0, 0.0, 0.0, 0.0]
PRE ENTRENAMIENTO: Split 11: Recall Models Coordinator 5 => [0.7665847665847666, 0.6486486486486487, 0.6683046683046683, 0.7665847665847666, 0.6977886977886978]
PRE ENTRENAMIENTO: Split 12: Recall Coordinator 1 => 0.7202970297029703
PRE ENTRENAMIENTO: Split 12: Recall Coordinator 2 => 0.693069306930693
PRE ENTRENAMIENTO: Split 12: Recall Coordinator 3 => 0.7574257425742574
PRE ENTRENAMIENTO: Split 12: Recall Coordinator 4 => 0.7301980198019802
PRE ENTRENAMIENTO: Split 12: Recall Coordinator 5 => 0.6955445544554455
PRE ENTRENAMIENTO: Split 12: Recall Models Coordinator 1 => [0.7698019801980198, 0.655940594059406, 0.655940594059406, 0.7846534653465347, 0.7004950495049505]
PRE ENTRENAMIENTO: Split 12: Recall Models Coordinator 2 => [0.7599009900990099, 0.6435643564356436, 0.6534653465346535, 0.7623762376237624, 0.6881188118811881]
PRE ENTRENAMIENTO: Split 12: Recall Models Coordinator 3 => [0.0, 0.0, 0.0, 0.0, 0.0]
PRE ENTRENAMIENTO: Split 12: Recall Models Coordinator 4 => [0.0, 0.0, 0.0, 0.0, 0.0]
PRE ENTRENAMIENTO: Split 12: Recall Models Coordinator 5 => [0.7599009900990099, 0.6435643564356436, 0.6534653465346535, 0.7524752475247525, 0.6881188118811881]
PRE ENTRENAMIENTO: Split 13: Recall Coordinator 1 => 0.7236180904522613
PRE ENTRENAMIENTO: Split 13: Recall Coordinator 2 => 0.6884422110552764
PRE ENTRENAMIENTO: Split 13: Recall Coordinator 3 => 0.7487437185929648
PRE ENTRENAMIENTO: Split 13: Recall Coordinator 4 => 0.7286432160804021
PRE ENTRENAMIENTO: Split 13: Recall Coordinator 5 => 0.6909547738693468
PRE ENTRENAMIENTO: Split 13: Recall Models Coordinator 1 => [0.7663316582914573, 0.6532663316582915, 0.6507537688442211, 0.7613065326633166, 0.6959798994974874]
PRE ENTRENAMIENTO: Split 13: Recall Models Coordinator 2 => [0.7587939698492462, 0.6407035175879398, 0.6507537688442211, 0.7386934673366834, 0.6834170854271356]
PRE ENTRENAMIENTO: Split 13: Recall Models Coordinator 3 => [0.0, 0.0, 0.0, 0.0, 0.0]
PRE ENTRENAMIENTO: Split 13: Recall Models Coordinator 4 => [0.0, 0.0, 0.0, 0.0, 0.0]
PRE ENTRENAMIENTO: Split 13: Recall Models Coordinator 5 => [0.7587939698492462, 0.6407035175879398, 0.6507537688442211, 0.7286432160804021, 0.6834170854271356]
PRE ENTRENAMIENTO: Split 14: Recall Coordinator 1 => 0.7206982543640897
PRE ENTRENAMIENTO: Split 14: Recall Coordinator 2 => 0.6882793017456359
PRE ENTRENAMIENTO: Split 14: Recall Coordinator 3 => 0.7456359102244389
PRE ENTRENAMIENTO: Split 14: Recall Coordinator 4 => 0.7256857855361596
PRE ENTRENAMIENTO: Split 14: Recall Coordinator 5 => 0.6882793017456359
PRE ENTRENAMIENTO: Split 14: Recall Models Coordinator 1 => [0.7855361596009975, 0.6433915211970075, 0.6658354114713217, 0.770573566084788, 0.6882793017456359]
PRE ENTRENAMIENTO: Split 14: Recall Models Coordinator 2 => [0.7755610972568578, 0.6309226932668329, 0.6583541147132169, 0.743142144638404, 0.6758104738154613]
PRE ENTRENAMIENTO: Split 14: Recall Models Coordinator 3 => [0.0, 0.0, 0.0, 0.0, 0.0]
PRE ENTRENAMIENTO: Split 14: Recall Models Coordinator 4 => [0.0, 0.0, 0.0, 0.0, 0.0]
PRE ENTRENAMIENTO: Split 14: Recall Models Coordinator 5 => [0.7755610972568578, 0.6309226932668329, 0.6583541147132169, 0.7356608478802993, 0.6758104738154613]
PRE ENTRENAMIENTO: Split 15: Recall Coordinator 1 => 0.7227722772277227
PRE ENTRENAMIENTO: Split 15: Recall Coordinator 2 => 0.693069306930693
PRE ENTRENAMIENTO: Split 15: Recall Coordinator 3 => 0.7351485148514851
PRE ENTRENAMIENTO: Split 15: Recall Coordinator 4 => 0.7277227722772277
PRE ENTRENAMIENTO: Split 15: Recall Coordinator 5 => 0.693069306930693
PRE ENTRENAMIENTO: Split 15: Recall Models Coordinator 1 => [0.7846534653465347, 0.6311881188118812, 0.6707920792079208, 0.7698019801980198, 0.693069306930693]
PRE ENTRENAMIENTO: Split 15: Recall Models Coordinator 2 => [0.7772277227722773, 0.6188118811881188, 0.6608910891089109, 0.745049504950495, 0.6806930693069307]
PRE ENTRENAMIENTO: Split 15: Recall Models Coordinator 3 => [0.0, 0.0, 0.0, 0.0, 0.0]
PRE ENTRENAMIENTO: Split 15: Recall Models Coordinator 4 => [0.0, 0.0, 0.0, 0.0, 0.0]
PRE ENTRENAMIENTO: Split 15: Recall Models Coordinator 5 => [0.7772277227722773, 0.6188118811881188, 0.6608910891089109, 0.7351485148514851, 0.6806930693069307]
PRE ENTRENAMIENTO: Split 16: Recall Coordinator 1 => 0.7159904534606205
PRE ENTRENAMIENTO: Split 16: Recall Coordinator 2 => 0.6921241050119332
PRE ENTRENAMIENTO: Split 16: Recall Coordinator 3 => 0.7326968973747017
PRE ENTRENAMIENTO: Split 16: Recall Coordinator 4 => 0.7183770883054893
PRE ENTRENAMIENTO: Split 16: Recall Coordinator 5 => 0.6897374701670644
PRE ENTRENAMIENTO: Split 16: Recall Models Coordinator 1 => [0.7828162291169452, 0.6324582338902148, 0.684964200477327, 0.7589498806682577, 0.6825775656324582]
PRE ENTRENAMIENTO: Split 16: Recall Models Coordinator 2 => [0.7708830548926014, 0.6205250596658711, 0.6682577565632458, 0.7326968973747017, 0.6754176610978521]
PRE ENTRENAMIENTO: Split 16: Recall Models Coordinator 3 => [0.0, 0.0, 0.0, 0.0, 0.0]
PRE ENTRENAMIENTO: Split 16: Recall Models Coordinator 4 => [0.0, 0.0, 0.0, 0.0, 0.0]
PRE ENTRENAMIENTO: Split 16: Recall Models Coordinator 5 => [0.7708830548926014, 0.6205250596658711, 0.6682577565632458, 0.7231503579952268, 0.6754176610978521]
PRE ENTRENAMIENTO: Split 17: Recall Coordinator 1 => 0.6880952380952381
PRE ENTRENAMIENTO: Split 17: Recall Coordinator 2 => 0.6666666666666666
PRE ENTRENAMIENTO: Split 17: Recall Coordinator 3 => 0.7119047619047619
PRE ENTRENAMIENTO: Split 17: Recall Coordinator 4 => 0.6880952380952381
PRE ENTRENAMIENTO: Split 17: Recall Coordinator 5 => 0.6666666666666666
PRE ENTRENAMIENTO: Split 17: Recall Models Coordinator 1 => [0.7619047619047619, 0.6214285714285714, 0.65, 0.7404761904761905, 0.6642857142857143]
PRE ENTRENAMIENTO: Split 17: Recall Models Coordinator 2 => [0.7476190476190476, 0.6095238095238096, 0.6357142857142857, 0.7095238095238096, 0.6595238095238095]
PRE ENTRENAMIENTO: Split 17: Recall Models Coordinator 3 => [0.0, 0.0, 0.0, 0.0, 0.0]
PRE ENTRENAMIENTO: Split 17: Recall Models Coordinator 4 => [0.0, 0.0, 0.0, 0.0, 0.0]
PRE ENTRENAMIENTO: Split 17: Recall Models Coordinator 5 => [0.7476190476190476, 0.6095238095238096, 0.6357142857142857, 0.6928571428571428, 0.6595238095238095]
PRE ENTRENAMIENTO: Split 18: Recall Coordinator 1 => 0.6602870813397129
PRE ENTRENAMIENTO: Split 18: Recall Coordinator 2 => 0.6483253588516746
PRE ENTRENAMIENTO: Split 18: Recall Coordinator 3 => 0.6866028708133971
PRE ENTRENAMIENTO: Split 18: Recall Coordinator 4 => 0.6626794258373205
PRE ENTRENAMIENTO: Split 18: Recall Coordinator 5 => 0.6483253588516746
PRE ENTRENAMIENTO: Split 18: Recall Models Coordinator 1 => [0.7272727272727273, 0.6100478468899522, 0.6172248803827751, 0.715311004784689, 0.6435406698564593]
PRE ENTRENAMIENTO: Split 18: Recall Models Coordinator 2 => [0.7129186602870813, 0.5980861244019139, 0.6028708133971292, 0.6866028708133971, 0.6363636363636364]
PRE ENTRENAMIENTO: Split 18: Recall Models Coordinator 3 => [0.0, 0.0, 0.0, 0.0, 0.0]
PRE ENTRENAMIENTO: Split 18: Recall Models Coordinator 4 => [0.0, 0.0, 0.0, 0.0, 0.0]
PRE ENTRENAMIENTO: Split 18: Recall Models Coordinator 5 => [0.7129186602870813, 0.5980861244019139, 0.6028708133971292, 0.6722488038277512, 0.6363636363636364]
PRE ENTRENAMIENTO: Split 19: Recall Coordinator 1 => 0.665083135391924
PRE ENTRENAMIENTO: Split 19: Recall Coordinator 2 => 0.6532066508313539
PRE ENTRENAMIENTO: Split 19: Recall Coordinator 3 => 0.7030878859857482
PRE ENTRENAMIENTO: Split 19: Recall Coordinator 4 => 0.6769596199524941
PRE ENTRENAMIENTO: Split 19: Recall Coordinator 5 => 0.6532066508313539
PRE ENTRENAMIENTO: Split 19: Recall Models Coordinator 1 => [0.7268408551068883, 0.6223277909738717, 0.6342042755344418, 0.7197149643705463, 0.6555819477434679]
PRE ENTRENAMIENTO: Split 19: Recall Models Coordinator 2 => [0.7149643705463183, 0.6080760095011877, 0.6247030878859857, 0.6888361045130641, 0.6460807600950119]
PRE ENTRENAMIENTO: Split 19: Recall Models Coordinator 3 => [0.0, 0.0, 0.0, 0.0, 0.0]
PRE ENTRENAMIENTO: Split 19: Recall Models Coordinator 4 => [0.0, 0.0, 0.0, 0.0, 0.0]
PRE ENTRENAMIENTO: Split 19: Recall Models Coordinator 5 => [0.7149643705463183, 0.6080760095011877, 0.6247030878859857, 0.6793349168646081, 0.6460807600950119]
PRE ENTRENAMIENTO: Split 20: Recall Coordinator 1 => 0.6895674300254453
PRE ENTRENAMIENTO: Split 20: Recall Coordinator 2 => 0.6793893129770993
PRE ENTRENAMIENTO: Split 20: Recall Coordinator 3 => 0.72264631043257
PRE ENTRENAMIENTO: Split 20: Recall Coordinator 4 => 0.7048346055979644
PRE ENTRENAMIENTO: Split 20: Recall Coordinator 5 => 0.6743002544529262
PRE ENTRENAMIENTO: Split 20: Recall Models Coordinator 1 => [0.7531806615776081, 0.6437659033078881, 0.648854961832061, 0.7531806615776081, 0.6743002544529262]
PRE ENTRENAMIENTO: Split 20: Recall Models Coordinator 2 => [0.7302798982188295, 0.6234096692111959, 0.6463104325699746, 0.7150127226463104, 0.6666666666666666]
PRE ENTRENAMIENTO: Split 20: Recall Models Coordinator 3 => [0.0, 0.0, 0.0, 0.0, 0.0]
PRE ENTRENAMIENTO: Split 20: Recall Models Coordinator 4 => [0.0, 0.0, 0.0, 0.0, 0.0]
PRE ENTRENAMIENTO: Split 20: Recall Models Coordinator 5 => [0.7302798982188295, 0.6234096692111959, 0.6463104325699746, 0.7099236641221374, 0.6666666666666666]
PRE ENTRENAMIENTO: Split 21: Recall Coordinator 1 => 0.7198952879581152
PRE ENTRENAMIENTO: Split 21: Recall Coordinator 2 => 0.7094240837696335
PRE ENTRENAMIENTO: Split 21: Recall Coordinator 3 => 0.7539267015706806
PRE ENTRENAMIENTO: Split 21: Recall Coordinator 4 => 0.743455497382199
PRE ENTRENAMIENTO: Split 21: Recall Coordinator 5 => 0.7068062827225131
PRE ENTRENAMIENTO: Split 21: Recall Models Coordinator 1 => [0.7853403141361257, 0.6570680628272252, 0.6858638743455497, 0.7696335078534031, 0.7041884816753927]
PRE ENTRENAMIENTO: Split 21: Recall Models Coordinator 2 => [0.7670157068062827, 0.6413612565445026, 0.6858638743455497, 0.7356020942408377, 0.6989528795811518]
PRE ENTRENAMIENTO: Split 21: Recall Models Coordinator 3 => [0.0, 0.0, 0.0, 0.0, 0.0]
PRE ENTRENAMIENTO: Split 21: Recall Models Coordinator 4 => [0.0, 0.0, 0.0, 0.0, 0.0]
PRE ENTRENAMIENTO: Split 21: Recall Models Coordinator 5 => [0.7670157068062827, 0.6413612565445026, 0.6858638743455497, 0.7303664921465969, 0.6989528795811518]
PRE ENTRENAMIENTO: Split 22: Recall Coordinator 1 => 0.7180156657963447
PRE ENTRENAMIENTO: Split 22: Recall Coordinator 2 => 0.6997389033942559
PRE ENTRENAMIENTO: Split 22: Recall Coordinator 3 => 0.7493472584856397
PRE ENTRENAMIENTO: Split 22: Recall Coordinator 4 => 0.7362924281984334
PRE ENTRENAMIENTO: Split 22: Recall Coordinator 5 => 0.6971279373368147
PRE ENTRENAMIENTO: Split 22: Recall Models Coordinator 1 => [0.7885117493472585, 0.660574412532637, 0.6762402088772846, 0.7702349869451697, 0.6945169712793734]
PRE ENTRENAMIENTO: Split 22: Recall Models Coordinator 2 => [0.7754569190600522, 0.6422976501305483, 0.6710182767624021, 0.7362924281984334, 0.6945169712793734]
PRE ENTRENAMIENTO: Split 22: Recall Models Coordinator 3 => [0.0, 0.0, 0.0, 0.0, 0.0]
PRE ENTRENAMIENTO: Split 22: Recall Models Coordinator 4 => [0.0, 0.0, 0.0, 0.0, 0.0]
PRE ENTRENAMIENTO: Split 22: Recall Models Coordinator 5 => [0.7754569190600522, 0.6422976501305483, 0.6710182767624021, 0.7284595300261096, 0.6945169712793734]
PRE ENTRENAMIENTO: Split 23: Recall Coordinator 1 => 0.7323232323232324
PRE ENTRENAMIENTO: Split 23: Recall Coordinator 2 => 0.702020202020202
PRE ENTRENAMIENTO: Split 23: Recall Coordinator 3 => 0.7575757575757576
PRE ENTRENAMIENTO: Split 23: Recall Coordinator 4 => 0.7373737373737373
PRE ENTRENAMIENTO: Split 23: Recall Coordinator 5 => 0.696969696969697
PRE ENTRENAMIENTO: Split 23: Recall Models Coordinator 1 => [0.7929292929292929, 0.6641414141414141, 0.6767676767676768, 0.76010101010101, 0.7095959595959596]
PRE ENTRENAMIENTO: Split 23: Recall Models Coordinator 2 => [0.7777777777777778, 0.6515151515151515, 0.6691919191919192, 0.7373737373737373, 0.7045454545454546]
PRE ENTRENAMIENTO: Split 23: Recall Models Coordinator 3 => [0.0, 0.0, 0.0, 0.0, 0.0]
PRE ENTRENAMIENTO: Split 23: Recall Models Coordinator 4 => [0.0, 0.0, 0.0, 0.0, 0.0]
PRE ENTRENAMIENTO: Split 23: Recall Models Coordinator 5 => [0.7777777777777778, 0.6515151515151515, 0.6691919191919192, 0.7297979797979798, 0.7045454545454546]
PRE ENTRENAMIENTO: Split 24: Recall Coordinator 1 => 0.7282051282051282
PRE ENTRENAMIENTO: Split 24: Recall Coordinator 2 => 0.6846153846153846
PRE ENTRENAMIENTO: Split 24: Recall Coordinator 3 => 0.7564102564102564
PRE ENTRENAMIENTO: Split 24: Recall Coordinator 4 => 0.7307692307692307
PRE ENTRENAMIENTO: Split 24: Recall Coordinator 5 => 0.676923076923077
PRE ENTRENAMIENTO: Split 24: Recall Models Coordinator 1 => [0.7794871794871795, 0.6538461538461539, 0.6538461538461539, 0.7410256410256411, 0.6846153846153846]
PRE ENTRENAMIENTO: Split 24: Recall Models Coordinator 2 => [0.7692307692307693, 0.6461538461538462, 0.6435897435897436, 0.717948717948718, 0.6794871794871795]
PRE ENTRENAMIENTO: Split 24: Recall Models Coordinator 3 => [0.0, 0.0, 0.0, 0.0, 0.0]
PRE ENTRENAMIENTO: Split 24: Recall Models Coordinator 4 => [0.0, 0.0, 0.0, 0.0, 0.0]
PRE ENTRENAMIENTO: Split 24: Recall Models Coordinator 5 => [0.7692307692307693, 0.6461538461538462, 0.6435897435897436, 0.7076923076923077, 0.6794871794871795]
PRE ENTRENAMIENTO: Split 25: Recall Coordinator 1 => 0.7426470588235294
PRE ENTRENAMIENTO: Split 25: Recall Coordinator 2 => 0.7058823529411765
PRE ENTRENAMIENTO: Split 25: Recall Coordinator 3 => 0.7720588235294118
PRE ENTRENAMIENTO: Split 25: Recall Coordinator 4 => 0.7450980392156863
PRE ENTRENAMIENTO: Split 25: Recall Coordinator 5 => 0.6985294117647058
PRE ENTRENAMIENTO: Split 25: Recall Models Coordinator 1 => [0.7916666666666666, 0.6715686274509803, 0.678921568627451, 0.7598039215686274, 0.7058823529411765]
PRE ENTRENAMIENTO: Split 25: Recall Models Coordinator 2 => [0.7794117647058824, 0.6642156862745098, 0.6691176470588235, 0.7426470588235294, 0.7009803921568627]
PRE ENTRENAMIENTO: Split 25: Recall Models Coordinator 3 => [0.0, 0.0, 0.0, 0.0, 0.0]
PRE ENTRENAMIENTO: Split 25: Recall Models Coordinator 4 => [0.0, 0.0, 0.0, 0.0, 0.0]
PRE ENTRENAMIENTO: Split 25: Recall Models Coordinator 5 => [0.7794117647058824, 0.6642156862745098, 0.6691176470588235, 0.7328431372549019, 0.7009803921568627]
PRE ENTRENAMIENTO: Split 26: Recall Coordinator 1 => 0.7512562814070352
PRE ENTRENAMIENTO: Split 26: Recall Coordinator 2 => 0.7160804020100503
PRE ENTRENAMIENTO: Split 26: Recall Coordinator 3 => 0.7788944723618091
PRE ENTRENAMIENTO: Split 26: Recall Coordinator 4 => 0.7562814070351759
PRE ENTRENAMIENTO: Split 26: Recall Coordinator 5 => 0.7085427135678392
PRE ENTRENAMIENTO: Split 26: Recall Models Coordinator 1 => [0.7989949748743719, 0.6834170854271356, 0.6708542713567839, 0.7613065326633166, 0.7085427135678392]
PRE ENTRENAMIENTO: Split 26: Recall Models Coordinator 2 => [0.7788944723618091, 0.6683417085427136, 0.6683417085427136, 0.7487437185929648, 0.7085427135678392]
PRE ENTRENAMIENTO: Split 26: Recall Models Coordinator 3 => [0.0, 0.0, 0.0, 0.0, 0.0]
PRE ENTRENAMIENTO: Split 26: Recall Models Coordinator 4 => [0.0, 0.0, 0.0, 0.0, 0.0]
PRE ENTRENAMIENTO: Split 26: Recall Models Coordinator 5 => [0.7788944723618091, 0.6683417085427136, 0.6683417085427136, 0.7412060301507538, 0.7085427135678392]
PRE ENTRENAMIENTO: Split 27: Recall Coordinator 1 => 0.7417061611374408
PRE ENTRENAMIENTO: Split 27: Recall Coordinator 2 => 0.7085308056872038
PRE ENTRENAMIENTO: Split 27: Recall Coordinator 3 => 0.7843601895734598
PRE ENTRENAMIENTO: Split 27: Recall Coordinator 4 => 0.7582938388625592
PRE ENTRENAMIENTO: Split 27: Recall Coordinator 5 => 0.7037914691943128
PRE ENTRENAMIENTO: Split 27: Recall Models Coordinator 1 => [0.8151658767772512, 0.6729857819905213, 0.6777251184834123, 0.7630331753554502, 0.7132701421800948]
PRE ENTRENAMIENTO: Split 27: Recall Models Coordinator 2 => [0.7938388625592417, 0.6563981042654028, 0.6753554502369669, 0.7535545023696683, 0.7085308056872038]
PRE ENTRENAMIENTO: Split 27: Recall Models Coordinator 3 => [0.0, 0.0, 0.0, 0.0, 0.0]
PRE ENTRENAMIENTO: Split 27: Recall Models Coordinator 4 => [0.0, 0.0, 0.0, 0.0, 0.0]
PRE ENTRENAMIENTO: Split 27: Recall Models Coordinator 5 => [0.7938388625592417, 0.6563981042654028, 0.6753554502369669, 0.7440758293838863, 0.7085308056872038]
PRE ENTRENAMIENTO: Split 28: Recall Coordinator 1 => 0.7364705882352941
PRE ENTRENAMIENTO: Split 28: Recall Coordinator 2 => 0.7035294117647058
PRE ENTRENAMIENTO: Split 28: Recall Coordinator 3 => 0.7741176470588236
PRE ENTRENAMIENTO: Split 28: Recall Coordinator 4 => 0.7552941176470588
PRE ENTRENAMIENTO: Split 28: Recall Coordinator 5 => 0.691764705882353
PRE ENTRENAMIENTO: Split 28: Recall Models Coordinator 1 => [0.8, 0.6611764705882353, 0.6823529411764706, 0.7811764705882352, 0.7129411764705882]
PRE ENTRENAMIENTO: Split 28: Recall Models Coordinator 2 => [0.7858823529411765, 0.6423529411764706, 0.6823529411764706, 0.7623529411764706, 0.7058823529411765]
PRE ENTRENAMIENTO: Split 28: Recall Models Coordinator 3 => [0.0, 0.0, 0.0, 0.0, 0.0]
PRE ENTRENAMIENTO: Split 28: Recall Models Coordinator 4 => [0.0, 0.0, 0.0, 0.0, 0.0]
PRE ENTRENAMIENTO: Split 28: Recall Models Coordinator 5 => [0.7858823529411765, 0.6423529411764706, 0.6823529411764706, 0.7576470588235295, 0.7058823529411765]
PRE ENTRENAMIENTO: Split 29: Recall Coordinator 1 => 0.7102137767220903
PRE ENTRENAMIENTO: Split 29: Recall Coordinator 2 => 0.6769596199524941
PRE ENTRENAMIENTO: Split 29: Recall Coordinator 3 => 0.7529691211401425
PRE ENTRENAMIENTO: Split 29: Recall Coordinator 4 => 0.7268408551068883
PRE ENTRENAMIENTO: Split 29: Recall Coordinator 5 => 0.665083135391924
PRE ENTRENAMIENTO: Split 29: Recall Models Coordinator 1 => [0.7838479809976246, 0.6247030878859857, 0.66270783847981, 0.7648456057007126, 0.6912114014251781]
PRE ENTRENAMIENTO: Split 29: Recall Models Coordinator 2 => [0.7719714964370546, 0.6057007125890737, 0.6603325415676959, 0.7410926365795725, 0.6817102137767221]
PRE ENTRENAMIENTO: Split 29: Recall Models Coordinator 3 => [0.0, 0.0, 0.0, 0.0, 0.0]
PRE ENTRENAMIENTO: Split 29: Recall Models Coordinator 4 => [0.0, 0.0, 0.0, 0.0, 0.0]
PRE ENTRENAMIENTO: Split 29: Recall Models Coordinator 5 => [0.7719714964370546, 0.6057007125890737, 0.6603325415676959, 0.7363420427553444, 0.6817102137767221]
PRE ENTRENAMIENTO: Split 30: Recall Coordinator 1 => 0.7088305489260143
PRE ENTRENAMIENTO: Split 30: Recall Coordinator 2 => 0.6825775656324582
PRE ENTRENAMIENTO: Split 30: Recall Coordinator 3 => 0.747016706443914
PRE ENTRENAMIENTO: Split 30: Recall Coordinator 4 => 0.7279236276849642
PRE ENTRENAMIENTO: Split 30: Recall Coordinator 5 => 0.6801909307875895
PRE ENTRENAMIENTO: Split 30: Recall Models Coordinator 1 => [0.7828162291169452, 0.6205250596658711, 0.6730310262529833, 0.7517899761336515, 0.6992840095465394]
PRE ENTRENAMIENTO: Split 30: Recall Models Coordinator 2 => [0.7637231503579952, 0.6109785202863962, 0.6682577565632458, 0.7326968973747017, 0.6897374701670644]
PRE ENTRENAMIENTO: Split 30: Recall Models Coordinator 3 => [0.0, 0.0, 0.0, 0.0, 0.0]
PRE ENTRENAMIENTO: Split 30: Recall Models Coordinator 4 => [0.0, 0.0, 0.0, 0.0, 0.0]
PRE ENTRENAMIENTO: Split 30: Recall Models Coordinator 5 => [0.7637231503579952, 0.6109785202863962, 0.6682577565632458, 0.7303102625298329, 0.6897374701670644]
PRE ENTRENAMIENTO: Split 31: Recall Coordinator 1 => 0.6992481203007519
PRE ENTRENAMIENTO: Split 31: Recall Coordinator 2 => 0.6766917293233082
PRE ENTRENAMIENTO: Split 31: Recall Coordinator 3 => 0.7368421052631579
PRE ENTRENAMIENTO: Split 31: Recall Coordinator 4 => 0.7142857142857143
PRE ENTRENAMIENTO: Split 31: Recall Coordinator 5 => 0.6766917293233082
PRE ENTRENAMIENTO: Split 31: Recall Models Coordinator 1 => [0.7769423558897243, 0.6115288220551378, 0.6641604010025063, 0.7418546365914787, 0.6766917293233082]
PRE ENTRENAMIENTO: Split 31: Recall Models Coordinator 2 => [0.7568922305764411, 0.5939849624060151, 0.6591478696741855, 0.7042606516290727, 0.6716791979949874]
PRE ENTRENAMIENTO: Split 31: Recall Models Coordinator 3 => [0.0, 0.0, 0.0, 0.0, 0.0]
PRE ENTRENAMIENTO: Split 31: Recall Models Coordinator 4 => [0.0, 0.0, 0.0, 0.0, 0.0]
PRE ENTRENAMIENTO: Split 31: Recall Models Coordinator 5 => [0.7568922305764411, 0.5939849624060151, 0.6591478696741855, 0.7017543859649122, 0.6716791979949874]
PRE ENTRENAMIENTO: Split 32: Recall Coordinator 1 => 0.7251908396946565
PRE ENTRENAMIENTO: Split 32: Recall Coordinator 2 => 0.7022900763358778
PRE ENTRENAMIENTO: Split 32: Recall Coordinator 3 => 0.7684478371501272
PRE ENTRENAMIENTO: Split 32: Recall Coordinator 4 => 0.7430025445292621
PRE ENTRENAMIENTO: Split 32: Recall Coordinator 5 => 0.7099236641221374
PRE ENTRENAMIENTO: Split 32: Recall Models Coordinator 1 => [0.7964376590330788, 0.6310432569974554, 0.6743002544529262, 0.7837150127226463, 0.6946564885496184]
PRE ENTRENAMIENTO: Split 32: Recall Models Coordinator 2 => [0.7786259541984732, 0.6157760814249363, 0.6692111959287532, 0.7455470737913485, 0.6895674300254453]
PRE ENTRENAMIENTO: Split 32: Recall Models Coordinator 3 => [0.0, 0.0, 0.0, 0.0, 0.0]
PRE ENTRENAMIENTO: Split 32: Recall Models Coordinator 4 => [0.0, 0.0, 0.0, 0.0, 0.0]
PRE ENTRENAMIENTO: Split 32: Recall Models Coordinator 5 => [0.7786259541984732, 0.6157760814249363, 0.6692111959287532, 0.7379134860050891, 0.6895674300254453]
PRE ENTRENAMIENTO: Split 33: Recall Coordinator 1 => 0.7135678391959799
PRE ENTRENAMIENTO: Split 33: Recall Coordinator 2 => 0.6959798994974874
PRE ENTRENAMIENTO: Split 33: Recall Coordinator 3 => 0.7462311557788944
PRE ENTRENAMIENTO: Split 33: Recall Coordinator 4 => 0.7286432160804021
PRE ENTRENAMIENTO: Split 33: Recall Coordinator 5 => 0.7035175879396985
PRE ENTRENAMIENTO: Split 33: Recall Models Coordinator 1 => [0.7839195979899497, 0.6206030150753769, 0.6733668341708543, 0.7587939698492462, 0.6934673366834171]
PRE ENTRENAMIENTO: Split 33: Recall Models Coordinator 2 => [0.7638190954773869, 0.6080402010050251, 0.6733668341708543, 0.7236180904522613, 0.6909547738693468]
PRE ENTRENAMIENTO: Split 33: Recall Models Coordinator 3 => [0.0, 0.0, 0.0, 0.0, 0.0]
PRE ENTRENAMIENTO: Split 33: Recall Models Coordinator 4 => [0.0, 0.0, 0.0, 0.0, 0.0]
PRE ENTRENAMIENTO: Split 33: Recall Models Coordinator 5 => [0.7638190954773869, 0.6080402010050251, 0.6733668341708543, 0.7135678391959799, 0.6909547738693468]
PRE ENTRENAMIENTO: Split 34: Recall Coordinator 1 => 0.7444717444717445
PRE ENTRENAMIENTO: Split 34: Recall Coordinator 2 => 0.7272727272727273
PRE ENTRENAMIENTO: Split 34: Recall Coordinator 3 => 0.7788697788697788
PRE ENTRENAMIENTO: Split 34: Recall Coordinator 4 => 0.7567567567567568
PRE ENTRENAMIENTO: Split 34: Recall Coordinator 5 => 0.7272727272727273
PRE ENTRENAMIENTO: Split 34: Recall Models Coordinator 1 => [0.8083538083538083, 0.6535626535626535, 0.6977886977886978, 0.7886977886977887, 0.7272727272727273]
PRE ENTRENAMIENTO: Split 34: Recall Models Coordinator 2 => [0.7886977886977887, 0.6388206388206388, 0.6977886977886978, 0.7469287469287469, 0.7174447174447175]
PRE ENTRENAMIENTO: Split 34: Recall Models Coordinator 3 => [0.0, 0.0, 0.0, 0.0, 0.0]
PRE ENTRENAMIENTO: Split 34: Recall Models Coordinator 4 => [0.0, 0.0, 0.0, 0.0, 0.0]
PRE ENTRENAMIENTO: Split 34: Recall Models Coordinator 5 => [0.7886977886977887, 0.6388206388206388, 0.6977886977886978, 0.7346437346437347, 0.7174447174447175]
PRE ENTRENAMIENTO: Split 35: Recall Coordinator 1 => 0.7475728155339806
PRE ENTRENAMIENTO: Split 35: Recall Coordinator 2 => 0.7257281553398058
PRE ENTRENAMIENTO: Split 35: Recall Coordinator 3 => 0.779126213592233
PRE ENTRENAMIENTO: Split 35: Recall Coordinator 4 => 0.7597087378640777
PRE ENTRENAMIENTO: Split 35: Recall Coordinator 5 => 0.7281553398058253
PRE ENTRENAMIENTO: Split 35: Recall Models Coordinator 1 => [0.8058252427184466, 0.6504854368932039, 0.6893203883495146, 0.7912621359223301, 0.7354368932038835]
PRE ENTRENAMIENTO: Split 35: Recall Models Coordinator 2 => [0.7888349514563107, 0.633495145631068, 0.6893203883495146, 0.7645631067961165, 0.7281553398058253]
PRE ENTRENAMIENTO: Split 35: Recall Models Coordinator 3 => [0.0, 0.0, 0.0, 0.0, 0.0]
PRE ENTRENAMIENTO: Split 35: Recall Models Coordinator 4 => [0.0, 0.0, 0.0, 0.0, 0.0]
PRE ENTRENAMIENTO: Split 35: Recall Models Coordinator 5 => [0.7888349514563107, 0.633495145631068, 0.6893203883495146, 0.7548543689320388, 0.7281553398058253]
PRE ENTRENAMIENTO: Split 36: Recall Coordinator 1 => 0.7740384615384616
PRE ENTRENAMIENTO: Split 36: Recall Coordinator 2 => 0.7475961538461539
PRE ENTRENAMIENTO: Split 36: Recall Coordinator 3 => 0.7980769230769231
PRE ENTRENAMIENTO: Split 36: Recall Coordinator 4 => 0.78125
PRE ENTRENAMIENTO: Split 36: Recall Coordinator 5 => 0.7451923076923077
PRE ENTRENAMIENTO: Split 36: Recall Models Coordinator 1 => [0.8149038461538461, 0.6754807692307693, 0.7067307692307693, 0.8076923076923077, 0.75]
PRE ENTRENAMIENTO: Split 36: Recall Models Coordinator 2 => [0.7980769230769231, 0.6586538461538461, 0.7067307692307693, 0.78125, 0.7427884615384616]
PRE ENTRENAMIENTO: Split 36: Recall Models Coordinator 3 => [0.0, 0.0, 0.0, 0.0, 0.0]
PRE ENTRENAMIENTO: Split 36: Recall Models Coordinator 4 => [0.0, 0.0, 0.0, 0.0, 0.0]
PRE ENTRENAMIENTO: Split 36: Recall Models Coordinator 5 => [0.7980769230769231, 0.6586538461538461, 0.7067307692307693, 0.7692307692307693, 0.7427884615384616]
PRE ENTRENAMIENTO: Split 37: Recall Coordinator 1 => 0.7842227378190255
PRE ENTRENAMIENTO: Split 37: Recall Coordinator 2 => 0.7587006960556845
PRE ENTRENAMIENTO: Split 37: Recall Coordinator 3 => 0.802784222737819
PRE ENTRENAMIENTO: Split 37: Recall Coordinator 4 => 0.7888631090487239
PRE ENTRENAMIENTO: Split 37: Recall Coordinator 5 => 0.7540603248259861
PRE ENTRENAMIENTO: Split 37: Recall Models Coordinator 1 => [0.8190255220417634, 0.7006960556844548, 0.7146171693735499, 0.7981438515081206, 0.7587006960556845]
PRE ENTRENAMIENTO: Split 37: Recall Models Coordinator 2 => [0.8097447795823666, 0.691415313225058, 0.7146171693735499, 0.7795823665893271, 0.7517401392111369]
PRE ENTRENAMIENTO: Split 37: Recall Models Coordinator 3 => [0.0, 0.0, 0.0, 0.0, 0.0]
PRE ENTRENAMIENTO: Split 37: Recall Models Coordinator 4 => [0.0, 0.0, 0.0, 0.0, 0.0]
PRE ENTRENAMIENTO: Split 37: Recall Models Coordinator 5 => [0.8097447795823666, 0.691415313225058, 0.7146171693735499, 0.7703016241299304, 0.7517401392111369]
PRE ENTRENAMIENTO: Split 38: Recall Coordinator 1 => 0.7865707434052758
PRE ENTRENAMIENTO: Split 38: Recall Coordinator 2 => 0.762589928057554
PRE ENTRENAMIENTO: Split 38: Recall Coordinator 3 => 0.8009592326139089
PRE ENTRENAMIENTO: Split 38: Recall Coordinator 4 => 0.7841726618705036
PRE ENTRENAMIENTO: Split 38: Recall Coordinator 5 => 0.7482014388489209
PRE ENTRENAMIENTO: Split 38: Recall Models Coordinator 1 => [0.8057553956834532, 0.7002398081534772, 0.7050359712230215, 0.7913669064748201, 0.750599520383693]
PRE ENTRENAMIENTO: Split 38: Recall Models Coordinator 2 => [0.7937649880095923, 0.6882494004796164, 0.7026378896882494, 0.7745803357314148, 0.7410071942446043]
PRE ENTRENAMIENTO: Split 38: Recall Models Coordinator 3 => [0.0, 0.0, 0.0, 0.0, 0.0]
PRE ENTRENAMIENTO: Split 38: Recall Models Coordinator 4 => [0.0, 0.0, 0.0, 0.0, 0.0]
PRE ENTRENAMIENTO: Split 38: Recall Models Coordinator 5 => [0.7937649880095923, 0.6882494004796164, 0.7026378896882494, 0.7673860911270983, 0.7410071942446043]
PRE ENTRENAMIENTO: Split 39: Recall Coordinator 1 => 0.7463054187192119
PRE ENTRENAMIENTO: Split 39: Recall Coordinator 2 => 0.7315270935960592
PRE ENTRENAMIENTO: Split 39: Recall Coordinator 3 => 0.7684729064039408
PRE ENTRENAMIENTO: Split 39: Recall Coordinator 4 => 0.7561576354679803
PRE ENTRENAMIENTO: Split 39: Recall Coordinator 5 => 0.7093596059113301
PRE ENTRENAMIENTO: Split 39: Recall Models Coordinator 1 => [0.7807881773399015, 0.6576354679802956, 0.6847290640394089, 0.7635467980295566, 0.7044334975369458]
PRE ENTRENAMIENTO: Split 39: Recall Models Coordinator 2 => [0.7684729064039408, 0.6502463054187192, 0.6822660098522167, 0.7438423645320197, 0.6945812807881774]
PRE ENTRENAMIENTO: Split 39: Recall Models Coordinator 3 => [0.0, 0.0, 0.0, 0.0, 0.0]
PRE ENTRENAMIENTO: Split 39: Recall Models Coordinator 4 => [0.0, 0.0, 0.0, 0.0, 0.0]
PRE ENTRENAMIENTO: Split 39: Recall Models Coordinator 5 => [0.7684729064039408, 0.6502463054187192, 0.6822660098522167, 0.7389162561576355, 0.6945812807881774]
PRE ENTRENAMIENTO: Split 40: Recall Coordinator 1 => 0.7265822784810126
PRE ENTRENAMIENTO: Split 40: Recall Coordinator 2 => 0.7063291139240506
PRE ENTRENAMIENTO: Split 40: Recall Coordinator 3 => 0.7493670886075949
PRE ENTRENAMIENTO: Split 40: Recall Coordinator 4 => 0.7341772151898734
PRE ENTRENAMIENTO: Split 40: Recall Coordinator 5 => 0.6936708860759494
PRE ENTRENAMIENTO: Split 40: Recall Models Coordinator 1 => [0.7772151898734178, 0.6430379746835443, 0.6531645569620254, 0.759493670886076, 0.6886075949367089]
PRE ENTRENAMIENTO: Split 40: Recall Models Coordinator 2 => [0.759493670886076, 0.6303797468354431, 0.6506329113924051, 0.7341772151898734, 0.6759493670886076]
PRE ENTRENAMIENTO: Split 40: Recall Models Coordinator 3 => [0.0, 0.0, 0.0, 0.0, 0.0]
PRE ENTRENAMIENTO: Split 40: Recall Models Coordinator 4 => [0.0, 0.0, 0.0, 0.0, 0.0]
PRE ENTRENAMIENTO: Split 40: Recall Models Coordinator 5 => [0.759493670886076, 0.6303797468354431, 0.6506329113924051, 0.7316455696202532, 0.6759493670886076]
PRE ENTRENAMIENTO: Split 41: Recall Coordinator 1 => 0.7178217821782178
PRE ENTRENAMIENTO: Split 41: Recall Coordinator 2 => 0.7004950495049505
PRE ENTRENAMIENTO: Split 41: Recall Coordinator 3 => 0.7376237623762376
PRE ENTRENAMIENTO: Split 41: Recall Coordinator 4 => 0.7277227722772277
PRE ENTRENAMIENTO: Split 41: Recall Coordinator 5 => 0.698019801980198
PRE ENTRENAMIENTO: Split 41: Recall Models Coordinator 1 => [0.7797029702970297, 0.6485148514851485, 0.6658415841584159, 0.7673267326732673, 0.6881188118811881]
PRE ENTRENAMIENTO: Split 41: Recall Models Coordinator 2 => [0.7599009900990099, 0.6287128712871287, 0.6584158415841584, 0.745049504950495, 0.6782178217821783]
PRE ENTRENAMIENTO: Split 41: Recall Models Coordinator 3 => [0.0, 0.0, 0.0, 0.0, 0.0]
PRE ENTRENAMIENTO: Split 41: Recall Models Coordinator 4 => [0.0, 0.0, 0.0, 0.0, 0.0]
PRE ENTRENAMIENTO: Split 41: Recall Models Coordinator 5 => [0.7599009900990099, 0.6287128712871287, 0.6584158415841584, 0.7400990099009901, 0.6782178217821783]
PRE ENTRENAMIENTO: Split 42: Recall Coordinator 1 => 0.7313084112149533
PRE ENTRENAMIENTO: Split 42: Recall Coordinator 2 => 0.7126168224299065
PRE ENTRENAMIENTO: Split 42: Recall Coordinator 3 => 0.7546728971962616
PRE ENTRENAMIENTO: Split 42: Recall Coordinator 4 => 0.7476635514018691
PRE ENTRENAMIENTO: Split 42: Recall Coordinator 5 => 0.7102803738317757
PRE ENTRENAMIENTO: Split 42: Recall Models Coordinator 1 => [0.8037383177570093, 0.6635514018691588, 0.6939252336448598, 0.780373831775701, 0.7079439252336449]
PRE ENTRENAMIENTO: Split 42: Recall Models Coordinator 2 => [0.7873831775700935, 0.6425233644859814, 0.6869158878504673, 0.7546728971962616, 0.6939252336448598]
PRE ENTRENAMIENTO: Split 42: Recall Models Coordinator 3 => [0.0, 0.0, 0.0, 0.0, 0.0]
PRE ENTRENAMIENTO: Split 42: Recall Models Coordinator 4 => [0.0, 0.0, 0.0, 0.0, 0.0]
PRE ENTRENAMIENTO: Split 42: Recall Models Coordinator 5 => [0.7873831775700935, 0.6425233644859814, 0.6869158878504673, 0.7523364485981309, 0.6939252336448598]
PRE ENTRENAMIENTO: Split 43: Recall Coordinator 1 => 0.7542168674698795
PRE ENTRENAMIENTO: Split 43: Recall Coordinator 2 => 0.7301204819277108
PRE ENTRENAMIENTO: Split 43: Recall Coordinator 3 => 0.7783132530120482
PRE ENTRENAMIENTO: Split 43: Recall Coordinator 4 => 0.7614457831325301
PRE ENTRENAMIENTO: Split 43: Recall Coordinator 5 => 0.7373493975903614
PRE ENTRENAMIENTO: Split 43: Recall Models Coordinator 1 => [0.8192771084337349, 0.6939759036144578, 0.7132530120481928, 0.7807228915662651, 0.7397590361445783]
PRE ENTRENAMIENTO: Split 43: Recall Models Coordinator 2 => [0.8096385542168675, 0.6746987951807228, 0.7012048192771084, 0.763855421686747, 0.7301204819277108]
PRE ENTRENAMIENTO: Split 43: Recall Models Coordinator 3 => [0.0, 0.0, 0.0, 0.0, 0.0]
PRE ENTRENAMIENTO: Split 43: Recall Models Coordinator 4 => [0.0, 0.0, 0.0, 0.0, 0.0]
PRE ENTRENAMIENTO: Split 43: Recall Models Coordinator 5 => [0.8096385542168675, 0.6746987951807228, 0.7012048192771084, 0.7590361445783133, 0.7301204819277108]
PRE ENTRENAMIENTO: Split 44: Recall Coordinator 1 => 0.7351598173515982
PRE ENTRENAMIENTO: Split 44: Recall Coordinator 2 => 0.7123287671232876
PRE ENTRENAMIENTO: Split 44: Recall Coordinator 3 => 0.7534246575342466
PRE ENTRENAMIENTO: Split 44: Recall Coordinator 4 => 0.7374429223744292
PRE ENTRENAMIENTO: Split 44: Recall Coordinator 5 => 0.7146118721461188
PRE ENTRENAMIENTO: Split 44: Recall Models Coordinator 1 => [0.7922374429223744, 0.678082191780822, 0.6963470319634704, 0.7511415525114156, 0.7191780821917808]
PRE ENTRENAMIENTO: Split 44: Recall Models Coordinator 2 => [0.7831050228310502, 0.6643835616438356, 0.6894977168949772, 0.728310502283105, 0.7123287671232876]
PRE ENTRENAMIENTO: Split 44: Recall Models Coordinator 3 => [0.0, 0.0, 0.0, 0.0, 0.0]
PRE ENTRENAMIENTO: Split 44: Recall Models Coordinator 4 => [0.0, 0.0, 0.0, 0.0, 0.0]
PRE ENTRENAMIENTO: Split 44: Recall Models Coordinator 5 => [0.7831050228310502, 0.6643835616438356, 0.6894977168949772, 0.7214611872146118, 0.7123287671232876]
PRE ENTRENAMIENTO: Split 45: Recall Coordinator 1 => 0.7397260273972602
PRE ENTRENAMIENTO: Split 45: Recall Coordinator 2 => 0.7168949771689498
PRE ENTRENAMIENTO: Split 45: Recall Coordinator 3 => 0.7648401826484018
PRE ENTRENAMIENTO: Split 45: Recall Coordinator 4 => 0.7397260273972602
PRE ENTRENAMIENTO: Split 45: Recall Coordinator 5 => 0.7214611872146118
PRE ENTRENAMIENTO: Split 45: Recall Models Coordinator 1 => [0.7945205479452054, 0.6757990867579908, 0.6917808219178082, 0.7602739726027398, 0.726027397260274]
PRE ENTRENAMIENTO: Split 45: Recall Models Coordinator 2 => [0.7808219178082192, 0.6666666666666666, 0.684931506849315, 0.7397260273972602, 0.7214611872146118]
PRE ENTRENAMIENTO: Split 45: Recall Models Coordinator 3 => [0.0, 0.0, 0.0, 0.0, 0.0]
PRE ENTRENAMIENTO: Split 45: Recall Models Coordinator 4 => [0.0, 0.0, 0.0, 0.0, 0.0]
PRE ENTRENAMIENTO: Split 45: Recall Models Coordinator 5 => [0.7808219178082192, 0.6666666666666666, 0.684931506849315, 0.7328767123287672, 0.7214611872146118]
PRE ENTRENAMIENTO: Split 46: Recall Coordinator 1 => 0.7423167848699763
PRE ENTRENAMIENTO: Split 46: Recall Coordinator 2 => 0.7115839243498818
PRE ENTRENAMIENTO: Split 46: Recall Coordinator 3 => 0.7683215130023641
PRE ENTRENAMIENTO: Split 46: Recall Coordinator 4 => 0.7446808510638298
PRE ENTRENAMIENTO: Split 46: Recall Coordinator 5 => 0.7163120567375887
PRE ENTRENAMIENTO: Split 46: Recall Models Coordinator 1 => [0.806146572104019, 0.6595744680851063, 0.6903073286052009, 0.7706855791962175, 0.7210401891252955]
PRE ENTRENAMIENTO: Split 46: Recall Models Coordinator 2 => [0.789598108747045, 0.6477541371158393, 0.6879432624113475, 0.7541371158392435, 0.7139479905437353]
PRE ENTRENAMIENTO: Split 46: Recall Models Coordinator 3 => [0.0, 0.0, 0.0, 0.0, 0.0]
PRE ENTRENAMIENTO: Split 46: Recall Models Coordinator 4 => [0.0, 0.0, 0.0, 0.0, 0.0]
PRE ENTRENAMIENTO: Split 46: Recall Models Coordinator 5 => [0.789598108747045, 0.6477541371158393, 0.6879432624113475, 0.7470449172576832, 0.7139479905437353]
PRE ENTRENAMIENTO: Split 47: Recall Coordinator 1 => 0.7604938271604939
PRE ENTRENAMIENTO: Split 47: Recall Coordinator 2 => 0.7333333333333333
PRE ENTRENAMIENTO: Split 47: Recall Coordinator 3 => 0.7950617283950617
PRE ENTRENAMIENTO: Split 47: Recall Coordinator 4 => 0.7728395061728395
PRE ENTRENAMIENTO: Split 47: Recall Coordinator 5 => 0.7333333333333333
PRE ENTRENAMIENTO: Split 47: Recall Models Coordinator 1 => [0.8296296296296296, 0.6765432098765433, 0.7061728395061728, 0.8074074074074075, 0.7382716049382716]
PRE ENTRENAMIENTO: Split 47: Recall Models Coordinator 2 => [0.8074074074074075, 0.6641975308641975, 0.7037037037037037, 0.7876543209876543, 0.7283950617283951]
PRE ENTRENAMIENTO: Split 47: Recall Models Coordinator 3 => [0.0, 0.0, 0.0, 0.0, 0.0]
PRE ENTRENAMIENTO: Split 47: Recall Models Coordinator 4 => [0.0, 0.0, 0.0, 0.0, 0.0]
